[2022-09-12 15:02:38] local.ERROR: Trying to access array offset on value of type null {"userId":1,"email":"admin@gmail.com","exception":"[object] (ErrorException(code: 0): Trying to access array offset on value of type null at /home/geeelphn/app.gee-experience.com/vendor/egulias/email-validator/EmailValidator/Parser/Parser.php:147)
[stacktrace]
#0 /home/geeelphn/app.gee-experience.com/vendor/egulias/email-validator/EmailValidator/Parser/Parser.php(147): Illuminate\\Foundation\\Bootstrap\\HandleExceptions->handleError(8, 'Trying to acces...', '/home/geeelphn/...', 147, Array)
#1 /home/geeelphn/app.gee-experience.com/vendor/egulias/email-validator/EmailValidator/Parser/Parser.php(127): Egulias\\EmailValidator\\Parser\\Parser->escaped()
#2 /home/geeelphn/app.gee-experience.com/vendor/egulias/email-validator/EmailValidator/Parser/LocalPart.php(57): Egulias\\EmailValidator\\Parser\\Parser->isFWS()
#3 /home/geeelphn/app.gee-experience.com/vendor/egulias/email-validator/EmailValidator/EmailParser.php(48): Egulias\\EmailValidator\\Parser\\LocalPart->parse('9b991c7994a8f5d...')
#4 /home/geeelphn/app.gee-experience.com/vendor/egulias/email-validator/EmailValidator/Validation/RFCValidation.php(30): Egulias\\EmailValidator\\EmailParser->parse('9b991c7994a8f5d...')
#5 /home/geeelphn/app.gee-experience.com/vendor/egulias/email-validator/EmailValidator/EmailValidator.php(37): Egulias\\EmailValidator\\Validation\\RFCValidation->isValid('9b991c7994a8f5d...', Object(Egulias\\EmailValidator\\EmailLexer))
#6 /home/geeelphn/app.gee-experience.com/vendor/swiftmailer/swiftmailer/lib/classes/Swift/Mime/Headers/IdentificationHeader.php(182): Egulias\\EmailValidator\\EmailValidator->isValid('9b991c7994a8f5d...', Object(Egulias\\EmailValidator\\Validation\\RFCValidation))
#7 /home/geeelphn/app.gee-experience.com/vendor/swiftmailer/swiftmailer/lib/classes/Swift/Mime/Headers/IdentificationHeader.php(128): Swift_Mime_Headers_IdentificationHeader->assertValidId('9b991c7994a8f5d...')
#8 /home/geeelphn/app.gee-experience.com/vendor/swiftmailer/swiftmailer/lib/classes/Swift/Mime/Headers/IdentificationHeader.php(99): Swift_Mime_Headers_IdentificationHeader->setIds(Array)
#9 /home/geeelphn/app.gee-experience.com/vendor/swiftmailer/swiftmailer/lib/classes/Swift/Mime/Headers/IdentificationHeader.php(75): Swift_Mime_Headers_IdentificationHeader->setId('9b991c7994a8f5d...')
#10 /home/geeelphn/app.gee-experience.com/vendor/swiftmailer/swiftmailer/lib/classes/Swift/Mime/SimpleHeaderFactory.php(138): Swift_Mime_Headers_IdentificationHeader->setFieldBodyModel('9b991c7994a8f5d...')
#11 /home/geeelphn/app.gee-experience.com/vendor/swiftmailer/swiftmailer/lib/classes/Swift/Mime/SimpleHeaderSet.php(115): Swift_Mime_SimpleHeaderFactory->createIdHeader('Message-ID', '9b991c7994a8f5d...')
#12 /home/geeelphn/app.gee-experience.com/vendor/swiftmailer/swiftmailer/lib/classes/Swift/Mime/SimpleMimeEntity.php(207): Swift_Mime_SimpleHeaderSet->addIdHeader('Message-ID', '9b991c7994a8f5d...')
#13 /home/geeelphn/app.gee-experience.com/vendor/swiftmailer/swiftmailer/lib/classes/Swift/Mime/SimpleMessage.php(53): Swift_Mime_SimpleMimeEntity->setId('9b991c7994a8f5d...')
#14 /home/geeelphn/app.gee-experience.com/vendor/swiftmailer/swiftmailer/lib/classes/Swift/Message.php(48): Swift_Mime_SimpleMessage->__construct(Object(Swift_Mime_SimpleHeaderSet), Object(Swift_Mime_ContentEncoder_QpContentEncoderProxy), Object(Swift_KeyCache_DiskKeyCache), Object(Swift_Mime_IdGenerator), 'utf-8')
#15 [internal function]: Swift_Message->__construct()
#16 /home/geeelphn/app.gee-experience.com/vendor/swiftmailer/swiftmailer/lib/classes/Swift/DependencyContainer.php(330): ReflectionClass->newInstanceArgs(Array)
#17 /home/geeelphn/app.gee-experience.com/vendor/swiftmailer/swiftmailer/lib/classes/Swift/DependencyContainer.php(115): Swift_DependencyContainer->createNewInstance('message.message')
#18 /home/geeelphn/app.gee-experience.com/vendor/swiftmailer/swiftmailer/lib/classes/Swift/Mailer.php(41): Swift_DependencyContainer->lookup('message.message')
#19 /home/geeelphn/app.gee-experience.com/vendor/laravel/framework/src/Illuminate/Mail/Mailer.php(436): Swift_Mailer->createMessage('message')
#20 /home/geeelphn/app.gee-experience.com/vendor/laravel/framework/src/Illuminate/Mail/Mailer.php(226): Illuminate\\Mail\\Mailer->createMessage()
#21 /home/geeelphn/app.gee-experience.com/vendor/laravel/framework/src/Illuminate/Support/Facades/Facade.php(223): Illuminate\\Mail\\Mailer->send('mail.supplier_c...', Array, Object(Closure))
#22 /home/geeelphn/app.gee-experience.com/app/Http/Controllers/SupplierController.php(195): Illuminate\\Support\\Facades\\Facade::__callStatic('send', Array)
#23 [internal function]: App\\Http\\Controllers\\SupplierController->importSupplier(Object(Illuminate\\Http\\Request))
#24 /home/geeelphn/app.gee-experience.com/vendor/laravel/framework/src/Illuminate/Routing/Controller.php(54): call_user_func_array(Array, Array)
#25 /home/geeelphn/app.gee-experience.com/vendor/laravel/framework/src/Illuminate/Routing/ControllerDispatcher.php(45): Illuminate\\Routing\\Controller->callAction('importSupplier', Array)
#26 /home/geeelphn/app.gee-experience.com/vendor/laravel/framework/src/Illuminate/Routing/Route.php(212): Illuminate\\Routing\\ControllerDispatcher->dispatch(Object(Illuminate\\Routing\\Route), Object(App\\Http\\Controllers\\SupplierController), 'importSupplier')
#27 /home/geeelphn/app.gee-experience.com/vendor/laravel/framework/src/Illuminate/Routing/Route.php(169): Illuminate\\Routing\\Route->runController()
#28 /home/geeelphn/app.gee-experience.com/vendor/laravel/framework/src/Illuminate/Routing/Router.php(665): Illuminate\\Routing\\Route->run()
#29 /home/geeelphn/app.gee-experience.com/vendor/laravel/framework/src/Illuminate/Routing/Pipeline.php(30): Illuminate\\Routing\\Router->Illuminate\\Routing\\{closure}(Object(Illuminate\\Http\\Request))
#30 /home/geeelphn/app.gee-experience.com/app/Http/Middleware/Active.php(20): Illuminate\\Routing\\Pipeline->Illuminate\\Routing\\{closure}(Object(Illuminate\\Http\\Request))
#31 /home/geeelphn/app.gee-experience.com/vendor/laravel/framework/src/Illuminate/Pipeline/Pipeline.php(151): App\\Http\\Middleware\\Active->handle(Object(Illuminate\\Http\\Request), Object(Closure))
#32 /home/geeelphn/app.gee-experience.com/vendor/laravel/framework/src/Illuminate/Routing/Pipeline.php(53): Illuminate\\Pipeline\\Pipeline->Illuminate\\Pipeline\\{closure}(Object(Illuminate\\Http\\Request))
#33 /home/geeelphn/app.gee-experience.com/vendor/laravel/framework/src/Illuminate/Routing/Middleware/SubstituteBindings.php(41): Illuminate\\Routing\\Pipeline->Illuminate\\Routing\\{closure}(Object(Illuminate\\Http\\Request))
#34 /home/geeelphn/app.gee-experience.com/vendor/laravel/framework/src/Illuminate/Pipeline/Pipeline.php(151): Illuminate\\Routing\\Middleware\\SubstituteBindings->handle(Object(Illuminate\\Http\\Request), Object(Closure))
#35 /home/geeelphn/app.gee-experience.com/vendor/laravel/framework/src/Illuminate/Routing/Pipeline.php(53): Illuminate\\Pipeline\\Pipeline->Illuminate\\Pipeline\\{closure}(Object(Illuminate\\Http\\Request))
#36 /home/geeelphn/app.gee-experience.com/vendor/laravel/framework/src/Illuminate/Auth/Middleware/Authenticate.php(43): Illuminate\\Routing\\Pipeline->Illuminate\\Routing\\{closure}(Object(Illuminate\\Http\\Request))
#37 /home/geeelphn/app.gee-experience.com/vendor/laravel/framework/src/Illuminate/Pipeline/Pipeline.php(151): Illuminate\\Auth\\Middleware\\Authenticate->handle(Object(Illuminate\\Http\\Request), Object(Closure))
#38 /home/geeelphn/app.gee-experience.com/vendor/laravel/framework/src/Illuminate/Routing/Pipeline.php(53): Illuminate\\Pipeline\\Pipeline->Illuminate\\Pipeline\\{closure}(Object(Illuminate\\Http\\Request))
#39 /home/geeelphn/app.gee-experience.com/vendor/laravel/framework/src/Illuminate/Foundation/Http/Middleware/VerifyCsrfToken.php(68): Illuminate\\Routing\\Pipeline->Illuminate\\Routing\\{closure}(Object(Illuminate\\Http\\Request))
#40 /home/geeelphn/app.gee-experience.com/vendor/laravel/framework/src/Illuminate/Pipeline/Pipeline.php(151): Illuminate\\Foundation\\Http\\Middleware\\VerifyCsrfToken->handle(Object(Illuminate\\Http\\Request), Object(Closure))
#41 /home/geeelphn/app.gee-experience.com/vendor/laravel/framework/src/Illuminate/Routing/Pipeline.php(53): Illuminate\\Pipeline\\Pipeline->Illuminate\\Pipeline\\{closure}(Object(Illuminate\\Http\\Request))
#42 /home/geeelphn/app.gee-experience.com/vendor/laravel/framework/src/Illuminate/View/Middleware/ShareErrorsFromSession.php(49): Illuminate\\Routing\\Pipeline->Illuminate\\Routing\\{closure}(Object(Illuminate\\Http\\Request))
#43 /home/geeelphn/app.gee-experience.com/vendor/laravel/framework/src/Illuminate/Pipeline/Pipeline.php(151): Illuminate\\View\\Middleware\\ShareErrorsFromSession->handle(Object(Illuminate\\Http\\Request), Object(Closure))
#44 /home/geeelphn/app.gee-experience.com/vendor/laravel/framework/src/Illuminate/Routing/Pipeline.php(53): Illuminate\\Pipeline\\Pipeline->Illuminate\\Pipeline\\{closure}(Object(Illuminate\\Http\\Request))
#45 /home/geeelphn/app.gee-experience.com/vendor/laravel/framework/src/Illuminate/Session/Middleware/StartSession.php(63): Illuminate\\Routing\\Pipeline->Illuminate\\Routing\\{closure}(Object(Illuminate\\Http\\Request))
#46 /home/geeelphn/app.gee-experience.com/vendor/laravel/framework/src/Illuminate/Pipeline/Pipeline.php(151): Illuminate\\Session\\Middleware\\StartSession->handle(Object(Illuminate\\Http\\Request), Object(Closure))
#47 /home/geeelphn/app.gee-experience.com/vendor/laravel/framework/src/Illuminate/Routing/Pipeline.php(53): Illuminate\\Pipeline\\Pipeline->Illuminate\\Pipeline\\{closure}(Object(Illuminate\\Http\\Request))
#48 /home/geeelphn/app.gee-experience.com/vendor/laravel/framework/src/Illuminate/Cookie/Middleware/AddQueuedCookiesToResponse.php(37): Illuminate\\Routing\\Pipeline->Illuminate\\Routing\\{closure}(Object(Illuminate\\Http\\Request))
#49 /home/geeelphn/app.gee-experience.com/vendor/laravel/framework/src/Illuminate/Pipeline/Pipeline.php(151): Illuminate\\Cookie\\Middleware\\AddQueuedCookiesToResponse->handle(Object(Illuminate\\Http\\Request), Object(Closure))
#50 /home/geeelphn/app.gee-experience.com/vendor/laravel/framework/src/Illuminate/Routing/Pipeline.php(53): Illuminate\\Pipeline\\Pipeline->Illuminate\\Pipeline\\{closure}(Object(Illuminate\\Http\\Request))
#51 /home/geeelphn/app.gee-experience.com/vendor/laravel/framework/src/Illuminate/Cookie/Middleware/EncryptCookies.php(66): Illuminate\\Routing\\Pipeline->Illuminate\\Routing\\{closure}(Object(Illuminate\\Http\\Request))
#52 /home/geeelphn/app.gee-experience.com/vendor/laravel/framework/src/Illuminate/Pipeline/Pipeline.php(151): Illuminate\\Cookie\\Middleware\\EncryptCookies->handle(Object(Illuminate\\Http\\Request), Object(Closure))
#53 /home/geeelphn/app.gee-experience.com/vendor/laravel/framework/src/Illuminate/Routing/Pipeline.php(53): Illuminate\\Pipeline\\Pipeline->Illuminate\\Pipeline\\{closure}(Object(Illuminate\\Http\\Request))
#54 /home/geeelphn/app.gee-experience.com/vendor/laravel/framework/src/Illuminate/Pipeline/Pipeline.php(104): Illuminate\\Routing\\Pipeline->Illuminate\\Routing\\{closure}(Object(Illuminate\\Http\\Request))
#55 /home/geeelphn/app.gee-experience.com/vendor/laravel/framework/src/Illuminate/Routing/Router.php(667): Illuminate\\Pipeline\\Pipeline->then(Object(Closure))
#56 /home/geeelphn/app.gee-experience.com/vendor/laravel/framework/src/Illuminate/Routing/Router.php(642): Illuminate\\Routing\\Router->runRouteWithinStack(Object(Illuminate\\Routing\\Route), Object(Illuminate\\Http\\Request))
#57 /home/geeelphn/app.gee-experience.com/vendor/laravel/framework/src/Illuminate/Routing/Router.php(608): Illuminate\\Routing\\Router->runRoute(Object(Illuminate\\Http\\Request), Object(Illuminate\\Routing\\Route))
#58 /home/geeelphn/app.gee-experience.com/vendor/laravel/framework/src/Illuminate/Routing/Router.php(597): Illuminate\\Routing\\Router->dispatchToRoute(Object(Illuminate\\Http\\Request))
#59 /home/geeelphn/app.gee-experience.com/vendor/laravel/framework/src/Illuminate/Foundation/Http/Kernel.php(176): Illuminate\\Routing\\Router->dispatch(Object(Illuminate\\Http\\Request))
#60 /home/geeelphn/app.gee-experience.com/vendor/laravel/framework/src/Illuminate/Routing/Pipeline.php(30): Illuminate\\Foundation\\Http\\Kernel->Illuminate\\Foundation\\Http\\{closure}(Object(Illuminate\\Http\\Request))
#61 /home/geeelphn/app.gee-experience.com/vendor/fideloper/proxy/src/TrustProxies.php(57): Illuminate\\Routing\\Pipeline->Illuminate\\Routing\\{closure}(Object(Illuminate\\Http\\Request))
#62 /home/geeelphn/app.gee-experience.com/vendor/laravel/framework/src/Illuminate/Pipeline/Pipeline.php(151): Fideloper\\Proxy\\TrustProxies->handle(Object(Illuminate\\Http\\Request), Object(Closure))
#63 /home/geeelphn/app.gee-experience.com/vendor/laravel/framework/src/Illuminate/Routing/Pipeline.php(53): Illuminate\\Pipeline\\Pipeline->Illuminate\\Pipeline\\{closure}(Object(Illuminate\\Http\\Request))
#64 /home/geeelphn/app.gee-experience.com/vendor/laravel/framework/src/Illuminate/Foundation/Http/Middleware/TransformsRequest.php(31): Illuminate\\Routing\\Pipeline->Illuminate\\Routing\\{closure}(Object(Illuminate\\Http\\Request))
#65 /home/geeelphn/app.gee-experience.com/vendor/laravel/framework/src/Illuminate/Pipeline/Pipeline.php(151): Illuminate\\Foundation\\Http\\Middleware\\TransformsRequest->handle(Object(Illuminate\\Http\\Request), Object(Closure))
#66 /home/geeelphn/app.gee-experience.com/vendor/laravel/framework/src/Illuminate/Routing/Pipeline.php(53): Illuminate\\Pipeline\\Pipeline->Illuminate\\Pipeline\\{closure}(Object(Illuminate\\Http\\Request))
#67 /home/geeelphn/app.gee-experience.com/vendor/laravel/framework/src/Illuminate/Foundation/Http/Middleware/TransformsRequest.php(31): Illuminate\\Routing\\Pipeline->Illuminate\\Routing\\{closure}(Object(Illuminate\\Http\\Request))
#68 /home/geeelphn/app.gee-experience.com/vendor/laravel/framework/src/Illuminate/Pipeline/Pipeline.php(151): Illuminate\\Foundation\\Http\\Middleware\\TransformsRequest->handle(Object(Illuminate\\Http\\Request), Object(Closure))
#69 /home/geeelphn/app.gee-experience.com/vendor/laravel/framework/src/Illuminate/Routing/Pipeline.php(53): Illuminate\\Pipeline\\Pipeline->Illuminate\\Pipeline\\{closure}(Object(Illuminate\\Http\\Request))
#70 /home/geeelphn/app.gee-experience.com/vendor/laravel/framework/src/Illuminate/Foundation/Http/Middleware/ValidatePostSize.php(27): Illuminate\\Routing\\Pipeline->Illuminate\\Routing\\{closure}(Object(Illuminate\\Http\\Request))
#71 /home/geeelphn/app.gee-experience.com/vendor/laravel/framework/src/Illuminate/Pipeline/Pipeline.php(151): Illuminate\\Foundation\\Http\\Middleware\\ValidatePostSize->handle(Object(Illuminate\\Http\\Request), Object(Closure))
#72 /home/geeelphn/app.gee-experience.com/vendor/laravel/framework/src/Illuminate/Routing/Pipeline.php(53): Illuminate\\Pipeline\\Pipeline->Illuminate\\Pipeline\\{closure}(Object(Illuminate\\Http\\Request))
#73 /home/geeelphn/app.gee-experience.com/vendor/laravel/framework/src/Illuminate/Foundation/Http/Middleware/CheckForMaintenanceMode.php(62): Illuminate\\Routing\\Pipeline->Illuminate\\Routing\\{closure}(Object(Illuminate\\Http\\Request))
#74 /home/geeelphn/app.gee-experience.com/vendor/laravel/framework/src/Illuminate/Pipeline/Pipeline.php(151): Illuminate\\Foundation\\Http\\Middleware\\CheckForMaintenanceMode->handle(Object(Illuminate\\Http\\Request), Object(Closure))
#75 /home/geeelphn/app.gee-experience.com/vendor/laravel/framework/src/Illuminate/Routing/Pipeline.php(53): Illuminate\\Pipeline\\Pipeline->Illuminate\\Pipeline\\{closure}(Object(Illuminate\\Http\\Request))
#76 /home/geeelphn/app.gee-experience.com/vendor/laravel/framework/src/Illuminate/Pipeline/Pipeline.php(104): Illuminate\\Routing\\Pipeline->Illuminate\\Routing\\{closure}(Object(Illuminate\\Http\\Request))
#77 /home/geeelphn/app.gee-experience.com/vendor/laravel/framework/src/Illuminate/Foundation/Http/Kernel.php(151): Illuminate\\Pipeline\\Pipeline->then(Object(Closure))
#78 /home/geeelphn/app.gee-experience.com/vendor/laravel/framework/src/Illuminate/Foundation/Http/Kernel.php(116): Illuminate\\Foundation\\Http\\Kernel->sendRequestThroughRouter(Object(Illuminate\\Http\\Request))
#79 /home/geeelphn/app.gee-experience.com/public/index.php(55): Illuminate\\Foundation\\Http\\Kernel->handle(Object(Illuminate\\Http\\Request))
#80 /home/geeelphn/app.gee-experience.com/index.php(17): require_once('/home/geeelphn/...')
#81 {main}
"} 
[2022-09-12 15:04:17] local.ERROR: Trying to access array offset on value of type null {"userId":1,"email":"admin@gmail.com","exception":"[object] (ErrorException(code: 0): Trying to access array offset on value of type null at /home/geeelphn/app.gee-experience.com/vendor/egulias/email-validator/EmailValidator/Parser/Parser.php:147)
[stacktrace]
#0 /home/geeelphn/app.gee-experience.com/vendor/egulias/email-validator/EmailValidator/Parser/Parser.php(147): Illuminate\\Foundation\\Bootstrap\\HandleExceptions->handleError(8, 'Trying to acces...', '/home/geeelphn/...', 147, Array)
#1 /home/geeelphn/app.gee-experience.com/vendor/egulias/email-validator/EmailValidator/Parser/Parser.php(127): Egulias\\EmailValidator\\Parser\\Parser->escaped()
#2 /home/geeelphn/app.gee-experience.com/vendor/egulias/email-validator/EmailValidator/Parser/LocalPart.php(57): Egulias\\EmailValidator\\Parser\\Parser->isFWS()
#3 /home/geeelphn/app.gee-experience.com/vendor/egulias/email-validator/EmailValidator/EmailParser.php(48): Egulias\\EmailValidator\\Parser\\LocalPart->parse('8d1f9a7be93c8de...')
#4 /home/geeelphn/app.gee-experience.com/vendor/egulias/email-validator/EmailValidator/Validation/RFCValidation.php(30): Egulias\\EmailValidator\\EmailParser->parse('8d1f9a7be93c8de...')
#5 /home/geeelphn/app.gee-experience.com/vendor/egulias/email-validator/EmailValidator/EmailValidator.php(37): Egulias\\EmailValidator\\Validation\\RFCValidation->isValid('8d1f9a7be93c8de...', Object(Egulias\\EmailValidator\\EmailLexer))
#6 /home/geeelphn/app.gee-experience.com/vendor/swiftmailer/swiftmailer/lib/classes/Swift/Mime/Headers/IdentificationHeader.php(182): Egulias\\EmailValidator\\EmailValidator->isValid('8d1f9a7be93c8de...', Object(Egulias\\EmailValidator\\Validation\\RFCValidation))
#7 /home/geeelphn/app.gee-experience.com/vendor/swiftmailer/swiftmailer/lib/classes/Swift/Mime/Headers/IdentificationHeader.php(128): Swift_Mime_Headers_IdentificationHeader->assertValidId('8d1f9a7be93c8de...')
#8 /home/geeelphn/app.gee-experience.com/vendor/swiftmailer/swiftmailer/lib/classes/Swift/Mime/Headers/IdentificationHeader.php(99): Swift_Mime_Headers_IdentificationHeader->setIds(Array)
#9 /home/geeelphn/app.gee-experience.com/vendor/swiftmailer/swiftmailer/lib/classes/Swift/Mime/Headers/IdentificationHeader.php(75): Swift_Mime_Headers_IdentificationHeader->setId('8d1f9a7be93c8de...')
#10 /home/geeelphn/app.gee-experience.com/vendor/swiftmailer/swiftmailer/lib/classes/Swift/Mime/SimpleHeaderFactory.php(138): Swift_Mime_Headers_IdentificationHeader->setFieldBodyModel('8d1f9a7be93c8de...')
#11 /home/geeelphn/app.gee-experience.com/vendor/swiftmailer/swiftmailer/lib/classes/Swift/Mime/SimpleHeaderSet.php(115): Swift_Mime_SimpleHeaderFactory->createIdHeader('Message-ID', '8d1f9a7be93c8de...')
#12 /home/geeelphn/app.gee-experience.com/vendor/swiftmailer/swiftmailer/lib/classes/Swift/Mime/SimpleMimeEntity.php(207): Swift_Mime_SimpleHeaderSet->addIdHeader('Message-ID', '8d1f9a7be93c8de...')
#13 /home/geeelphn/app.gee-experience.com/vendor/swiftmailer/swiftmailer/lib/classes/Swift/Mime/SimpleMessage.php(53): Swift_Mime_SimpleMimeEntity->setId('8d1f9a7be93c8de...')
#14 /home/geeelphn/app.gee-experience.com/vendor/swiftmailer/swiftmailer/lib/classes/Swift/Message.php(48): Swift_Mime_SimpleMessage->__construct(Object(Swift_Mime_SimpleHeaderSet), Object(Swift_Mime_ContentEncoder_QpContentEncoderProxy), Object(Swift_KeyCache_DiskKeyCache), Object(Swift_Mime_IdGenerator), 'utf-8')
#15 [internal function]: Swift_Message->__construct()
#16 /home/geeelphn/app.gee-experience.com/vendor/swiftmailer/swiftmailer/lib/classes/Swift/DependencyContainer.php(330): ReflectionClass->newInstanceArgs(Array)
#17 /home/geeelphn/app.gee-experience.com/vendor/swiftmailer/swiftmailer/lib/classes/Swift/DependencyContainer.php(115): Swift_DependencyContainer->createNewInstance('message.message')
#18 /home/geeelphn/app.gee-experience.com/vendor/swiftmailer/swiftmailer/lib/classes/Swift/Mailer.php(41): Swift_DependencyContainer->lookup('message.message')
#19 /home/geeelphn/app.gee-experience.com/vendor/laravel/framework/src/Illuminate/Mail/Mailer.php(436): Swift_Mailer->createMessage('message')
#20 /home/geeelphn/app.gee-experience.com/vendor/laravel/framework/src/Illuminate/Mail/Mailer.php(226): Illuminate\\Mail\\Mailer->createMessage()
#21 /home/geeelphn/app.gee-experience.com/vendor/laravel/framework/src/Illuminate/Support/Facades/Facade.php(223): Illuminate\\Mail\\Mailer->send('mail.supplier_c...', Array, Object(Closure))
#22 /home/geeelphn/app.gee-experience.com/app/Http/Controllers/SupplierController.php(195): Illuminate\\Support\\Facades\\Facade::__callStatic('send', Array)
#23 [internal function]: App\\Http\\Controllers\\SupplierController->importSupplier(Object(Illuminate\\Http\\Request))
#24 /home/geeelphn/app.gee-experience.com/vendor/laravel/framework/src/Illuminate/Routing/Controller.php(54): call_user_func_array(Array, Array)
#25 /home/geeelphn/app.gee-experience.com/vendor/laravel/framework/src/Illuminate/Routing/ControllerDispatcher.php(45): Illuminate\\Routing\\Controller->callAction('importSupplier', Array)
#26 /home/geeelphn/app.gee-experience.com/vendor/laravel/framework/src/Illuminate/Routing/Route.php(212): Illuminate\\Routing\\ControllerDispatcher->dispatch(Object(Illuminate\\Routing\\Route), Object(App\\Http\\Controllers\\SupplierController), 'importSupplier')
#27 /home/geeelphn/app.gee-experience.com/vendor/laravel/framework/src/Illuminate/Routing/Route.php(169): Illuminate\\Routing\\Route->runController()
#28 /home/geeelphn/app.gee-experience.com/vendor/laravel/framework/src/Illuminate/Routing/Router.php(665): Illuminate\\Routing\\Route->run()
#29 /home/geeelphn/app.gee-experience.com/vendor/laravel/framework/src/Illuminate/Routing/Pipeline.php(30): Illuminate\\Routing\\Router->Illuminate\\Routing\\{closure}(Object(Illuminate\\Http\\Request))
#30 /home/geeelphn/app.gee-experience.com/app/Http/Middleware/Active.php(20): Illuminate\\Routing\\Pipeline->Illuminate\\Routing\\{closure}(Object(Illuminate\\Http\\Request))
#31 /home/geeelphn/app.gee-experience.com/vendor/laravel/framework/src/Illuminate/Pipeline/Pipeline.php(151): App\\Http\\Middleware\\Active->handle(Object(Illuminate\\Http\\Request), Object(Closure))
#32 /home/geeelphn/app.gee-experience.com/vendor/laravel/framework/src/Illuminate/Routing/Pipeline.php(53): Illuminate\\Pipeline\\Pipeline->Illuminate\\Pipeline\\{closure}(Object(Illuminate\\Http\\Request))
#33 /home/geeelphn/app.gee-experience.com/vendor/laravel/framework/src/Illuminate/Routing/Middleware/SubstituteBindings.php(41): Illuminate\\Routing\\Pipeline->Illuminate\\Routing\\{closure}(Object(Illuminate\\Http\\Request))
#34 /home/geeelphn/app.gee-experience.com/vendor/laravel/framework/src/Illuminate/Pipeline/Pipeline.php(151): Illuminate\\Routing\\Middleware\\SubstituteBindings->handle(Object(Illuminate\\Http\\Request), Object(Closure))
#35 /home/geeelphn/app.gee-experience.com/vendor/laravel/framework/src/Illuminate/Routing/Pipeline.php(53): Illuminate\\Pipeline\\Pipeline->Illuminate\\Pipeline\\{closure}(Object(Illuminate\\Http\\Request))
#36 /home/geeelphn/app.gee-experience.com/vendor/laravel/framework/src/Illuminate/Auth/Middleware/Authenticate.php(43): Illuminate\\Routing\\Pipeline->Illuminate\\Routing\\{closure}(Object(Illuminate\\Http\\Request))
#37 /home/geeelphn/app.gee-experience.com/vendor/laravel/framework/src/Illuminate/Pipeline/Pipeline.php(151): Illuminate\\Auth\\Middleware\\Authenticate->handle(Object(Illuminate\\Http\\Request), Object(Closure))
#38 /home/geeelphn/app.gee-experience.com/vendor/laravel/framework/src/Illuminate/Routing/Pipeline.php(53): Illuminate\\Pipeline\\Pipeline->Illuminate\\Pipeline\\{closure}(Object(Illuminate\\Http\\Request))
#39 /home/geeelphn/app.gee-experience.com/vendor/laravel/framework/src/Illuminate/Foundation/Http/Middleware/VerifyCsrfToken.php(68): Illuminate\\Routing\\Pipeline->Illuminate\\Routing\\{closure}(Object(Illuminate\\Http\\Request))
#40 /home/geeelphn/app.gee-experience.com/vendor/laravel/framework/src/Illuminate/Pipeline/Pipeline.php(151): Illuminate\\Foundation\\Http\\Middleware\\VerifyCsrfToken->handle(Object(Illuminate\\Http\\Request), Object(Closure))
#41 /home/geeelphn/app.gee-experience.com/vendor/laravel/framework/src/Illuminate/Routing/Pipeline.php(53): Illuminate\\Pipeline\\Pipeline->Illuminate\\Pipeline\\{closure}(Object(Illuminate\\Http\\Request))
#42 /home/geeelphn/app.gee-experience.com/vendor/laravel/framework/src/Illuminate/View/Middleware/ShareErrorsFromSession.php(49): Illuminate\\Routing\\Pipeline->Illuminate\\Routing\\{closure}(Object(Illuminate\\Http\\Request))
#43 /home/geeelphn/app.gee-experience.com/vendor/laravel/framework/src/Illuminate/Pipeline/Pipeline.php(151): Illuminate\\View\\Middleware\\ShareErrorsFromSession->handle(Object(Illuminate\\Http\\Request), Object(Closure))
#44 /home/geeelphn/app.gee-experience.com/vendor/laravel/framework/src/Illuminate/Routing/Pipeline.php(53): Illuminate\\Pipeline\\Pipeline->Illuminate\\Pipeline\\{closure}(Object(Illuminate\\Http\\Request))
#45 /home/geeelphn/app.gee-experience.com/vendor/laravel/framework/src/Illuminate/Session/Middleware/StartSession.php(63): Illuminate\\Routing\\Pipeline->Illuminate\\Routing\\{closure}(Object(Illuminate\\Http\\Request))
#46 /home/geeelphn/app.gee-experience.com/vendor/laravel/framework/src/Illuminate/Pipeline/Pipeline.php(151): Illuminate\\Session\\Middleware\\StartSession->handle(Object(Illuminate\\Http\\Request), Object(Closure))
#47 /home/geeelphn/app.gee-experience.com/vendor/laravel/framework/src/Illuminate/Routing/Pipeline.php(53): Illuminate\\Pipeline\\Pipeline->Illuminate\\Pipeline\\{closure}(Object(Illuminate\\Http\\Request))
#48 /home/geeelphn/app.gee-experience.com/vendor/laravel/framework/src/Illuminate/Cookie/Middleware/AddQueuedCookiesToResponse.php(37): Illuminate\\Routing\\Pipeline->Illuminate\\Routing\\{closure}(Object(Illuminate\\Http\\Request))
#49 /home/geeelphn/app.gee-experience.com/vendor/laravel/framework/src/Illuminate/Pipeline/Pipeline.php(151): Illuminate\\Cookie\\Middleware\\AddQueuedCookiesToResponse->handle(Object(Illuminate\\Http\\Request), Object(Closure))
#50 /home/geeelphn/app.gee-experience.com/vendor/laravel/framework/src/Illuminate/Routing/Pipeline.php(53): Illuminate\\Pipeline\\Pipeline->Illuminate\\Pipeline\\{closure}(Object(Illuminate\\Http\\Request))
#51 /home/geeelphn/app.gee-experience.com/vendor/laravel/framework/src/Illuminate/Cookie/Middleware/EncryptCookies.php(66): Illuminate\\Routing\\Pipeline->Illuminate\\Routing\\{closure}(Object(Illuminate\\Http\\Request))
#52 /home/geeelphn/app.gee-experience.com/vendor/laravel/framework/src/Illuminate/Pipeline/Pipeline.php(151): Illuminate\\Cookie\\Middleware\\EncryptCookies->handle(Object(Illuminate\\Http\\Request), Object(Closure))
#53 /home/geeelphn/app.gee-experience.com/vendor/laravel/framework/src/Illuminate/Routing/Pipeline.php(53): Illuminate\\Pipeline\\Pipeline->Illuminate\\Pipeline\\{closure}(Object(Illuminate\\Http\\Request))
#54 /home/geeelphn/app.gee-experience.com/vendor/laravel/framework/src/Illuminate/Pipeline/Pipeline.php(104): Illuminate\\Routing\\Pipeline->Illuminate\\Routing\\{closure}(Object(Illuminate\\Http\\Request))
#55 /home/geeelphn/app.gee-experience.com/vendor/laravel/framework/src/Illuminate/Routing/Router.php(667): Illuminate\\Pipeline\\Pipeline->then(Object(Closure))
#56 /home/geeelphn/app.gee-experience.com/vendor/laravel/framework/src/Illuminate/Routing/Router.php(642): Illuminate\\Routing\\Router->runRouteWithinStack(Object(Illuminate\\Routing\\Route), Object(Illuminate\\Http\\Request))
#57 /home/geeelphn/app.gee-experience.com/vendor/laravel/framework/src/Illuminate/Routing/Router.php(608): Illuminate\\Routing\\Router->runRoute(Object(Illuminate\\Http\\Request), Object(Illuminate\\Routing\\Route))
#58 /home/geeelphn/app.gee-experience.com/vendor/laravel/framework/src/Illuminate/Routing/Router.php(597): Illuminate\\Routing\\Router->dispatchToRoute(Object(Illuminate\\Http\\Request))
#59 /home/geeelphn/app.gee-experience.com/vendor/laravel/framework/src/Illuminate/Foundation/Http/Kernel.php(176): Illuminate\\Routing\\Router->dispatch(Object(Illuminate\\Http\\Request))
#60 /home/geeelphn/app.gee-experience.com/vendor/laravel/framework/src/Illuminate/Routing/Pipeline.php(30): Illuminate\\Foundation\\Http\\Kernel->Illuminate\\Foundation\\Http\\{closure}(Object(Illuminate\\Http\\Request))
#61 /home/geeelphn/app.gee-experience.com/vendor/fideloper/proxy/src/TrustProxies.php(57): Illuminate\\Routing\\Pipeline->Illuminate\\Routing\\{closure}(Object(Illuminate\\Http\\Request))
#62 /home/geeelphn/app.gee-experience.com/vendor/laravel/framework/src/Illuminate/Pipeline/Pipeline.php(151): Fideloper\\Proxy\\TrustProxies->handle(Object(Illuminate\\Http\\Request), Object(Closure))
#63 /home/geeelphn/app.gee-experience.com/vendor/laravel/framework/src/Illuminate/Routing/Pipeline.php(53): Illuminate\\Pipeline\\Pipeline->Illuminate\\Pipeline\\{closure}(Object(Illuminate\\Http\\Request))
#64 /home/geeelphn/app.gee-experience.com/vendor/laravel/framework/src/Illuminate/Foundation/Http/Middleware/TransformsRequest.php(31): Illuminate\\Routing\\Pipeline->Illuminate\\Routing\\{closure}(Object(Illuminate\\Http\\Request))
#65 /home/geeelphn/app.gee-experience.com/vendor/laravel/framework/src/Illuminate/Pipeline/Pipeline.php(151): Illuminate\\Foundation\\Http\\Middleware\\TransformsRequest->handle(Object(Illuminate\\Http\\Request), Object(Closure))
#66 /home/geeelphn/app.gee-experience.com/vendor/laravel/framework/src/Illuminate/Routing/Pipeline.php(53): Illuminate\\Pipeline\\Pipeline->Illuminate\\Pipeline\\{closure}(Object(Illuminate\\Http\\Request))
#67 /home/geeelphn/app.gee-experience.com/vendor/laravel/framework/src/Illuminate/Foundation/Http/Middleware/TransformsRequest.php(31): Illuminate\\Routing\\Pipeline->Illuminate\\Routing\\{closure}(Object(Illuminate\\Http\\Request))
#68 /home/geeelphn/app.gee-experience.com/vendor/laravel/framework/src/Illuminate/Pipeline/Pipeline.php(151): Illuminate\\Foundation\\Http\\Middleware\\TransformsRequest->handle(Object(Illuminate\\Http\\Request), Object(Closure))
#69 /home/geeelphn/app.gee-experience.com/vendor/laravel/framework/src/Illuminate/Routing/Pipeline.php(53): Illuminate\\Pipeline\\Pipeline->Illuminate\\Pipeline\\{closure}(Object(Illuminate\\Http\\Request))
#70 /home/geeelphn/app.gee-experience.com/vendor/laravel/framework/src/Illuminate/Foundation/Http/Middleware/ValidatePostSize.php(27): Illuminate\\Routing\\Pipeline->Illuminate\\Routing\\{closure}(Object(Illuminate\\Http\\Request))
#71 /home/geeelphn/app.gee-experience.com/vendor/laravel/framework/src/Illuminate/Pipeline/Pipeline.php(151): Illuminate\\Foundation\\Http\\Middleware\\ValidatePostSize->handle(Object(Illuminate\\Http\\Request), Object(Closure))
#72 /home/geeelphn/app.gee-experience.com/vendor/laravel/framework/src/Illuminate/Routing/Pipeline.php(53): Illuminate\\Pipeline\\Pipeline->Illuminate\\Pipeline\\{closure}(Object(Illuminate\\Http\\Request))
#73 /home/geeelphn/app.gee-experience.com/vendor/laravel/framework/src/Illuminate/Foundation/Http/Middleware/CheckForMaintenanceMode.php(62): Illuminate\\Routing\\Pipeline->Illuminate\\Routing\\{closure}(Object(Illuminate\\Http\\Request))
#74 /home/geeelphn/app.gee-experience.com/vendor/laravel/framework/src/Illuminate/Pipeline/Pipeline.php(151): Illuminate\\Foundation\\Http\\Middleware\\CheckForMaintenanceMode->handle(Object(Illuminate\\Http\\Request), Object(Closure))
#75 /home/geeelphn/app.gee-experience.com/vendor/laravel/framework/src/Illuminate/Routing/Pipeline.php(53): Illuminate\\Pipeline\\Pipeline->Illuminate\\Pipeline\\{closure}(Object(Illuminate\\Http\\Request))
#76 /home/geeelphn/app.gee-experience.com/vendor/laravel/framework/src/Illuminate/Pipeline/Pipeline.php(104): Illuminate\\Routing\\Pipeline->Illuminate\\Routing\\{closure}(Object(Illuminate\\Http\\Request))
#77 /home/geeelphn/app.gee-experience.com/vendor/laravel/framework/src/Illuminate/Foundation/Http/Kernel.php(151): Illuminate\\Pipeline\\Pipeline->then(Object(Closure))
#78 /home/geeelphn/app.gee-experience.com/vendor/laravel/framework/src/Illuminate/Foundation/Http/Kernel.php(116): Illuminate\\Foundation\\Http\\Kernel->sendRequestThroughRouter(Object(Illuminate\\Http\\Request))
#79 /home/geeelphn/app.gee-experience.com/public/index.php(55): Illuminate\\Foundation\\Http\\Kernel->handle(Object(Illuminate\\Http\\Request))
#80 /home/geeelphn/app.gee-experience.com/index.php(17): require_once('/home/geeelphn/...')
#81 {main}
"} 
[2022-09-12 15:08:11] local.ERROR: Trying to access array offset on value of type null {"userId":1,"email":"admin@gmail.com","exception":"[object] (ErrorException(code: 0): Trying to access array offset on value of type null at /home/geeelphn/app.gee-experience.com/vendor/egulias/email-validator/EmailValidator/Parser/Parser.php:147)
[stacktrace]
#0 /home/geeelphn/app.gee-experience.com/vendor/egulias/email-validator/EmailValidator/Parser/Parser.php(147): Illuminate\\Foundation\\Bootstrap\\HandleExceptions->handleError(8, 'Trying to acces...', '/home/geeelphn/...', 147, Array)
#1 /home/geeelphn/app.gee-experience.com/vendor/egulias/email-validator/EmailValidator/Parser/Parser.php(127): Egulias\\EmailValidator\\Parser\\Parser->escaped()
#2 /home/geeelphn/app.gee-experience.com/vendor/egulias/email-validator/EmailValidator/Parser/LocalPart.php(57): Egulias\\EmailValidator\\Parser\\Parser->isFWS()
#3 /home/geeelphn/app.gee-experience.com/vendor/egulias/email-validator/EmailValidator/EmailParser.php(48): Egulias\\EmailValidator\\Parser\\LocalPart->parse('cb1be71f8af01dd...')
#4 /home/geeelphn/app.gee-experience.com/vendor/egulias/email-validator/EmailValidator/Validation/RFCValidation.php(30): Egulias\\EmailValidator\\EmailParser->parse('cb1be71f8af01dd...')
#5 /home/geeelphn/app.gee-experience.com/vendor/egulias/email-validator/EmailValidator/EmailValidator.php(37): Egulias\\EmailValidator\\Validation\\RFCValidation->isValid('cb1be71f8af01dd...', Object(Egulias\\EmailValidator\\EmailLexer))
#6 /home/geeelphn/app.gee-experience.com/vendor/swiftmailer/swiftmailer/lib/classes/Swift/Mime/Headers/IdentificationHeader.php(182): Egulias\\EmailValidator\\EmailValidator->isValid('cb1be71f8af01dd...', Object(Egulias\\EmailValidator\\Validation\\RFCValidation))
#7 /home/geeelphn/app.gee-experience.com/vendor/swiftmailer/swiftmailer/lib/classes/Swift/Mime/Headers/IdentificationHeader.php(128): Swift_Mime_Headers_IdentificationHeader->assertValidId('cb1be71f8af01dd...')
#8 /home/geeelphn/app.gee-experience.com/vendor/swiftmailer/swiftmailer/lib/classes/Swift/Mime/Headers/IdentificationHeader.php(99): Swift_Mime_Headers_IdentificationHeader->setIds(Array)
#9 /home/geeelphn/app.gee-experience.com/vendor/swiftmailer/swiftmailer/lib/classes/Swift/Mime/Headers/IdentificationHeader.php(75): Swift_Mime_Headers_IdentificationHeader->setId('cb1be71f8af01dd...')
#10 /home/geeelphn/app.gee-experience.com/vendor/swiftmailer/swiftmailer/lib/classes/Swift/Mime/SimpleHeaderFactory.php(138): Swift_Mime_Headers_IdentificationHeader->setFieldBodyModel('cb1be71f8af01dd...')
#11 /home/geeelphn/app.gee-experience.com/vendor/swiftmailer/swiftmailer/lib/classes/Swift/Mime/SimpleHeaderSet.php(115): Swift_Mime_SimpleHeaderFactory->createIdHeader('Message-ID', 'cb1be71f8af01dd...')
#12 /home/geeelphn/app.gee-experience.com/vendor/swiftmailer/swiftmailer/lib/classes/Swift/Mime/SimpleMimeEntity.php(207): Swift_Mime_SimpleHeaderSet->addIdHeader('Message-ID', 'cb1be71f8af01dd...')
#13 /home/geeelphn/app.gee-experience.com/vendor/swiftmailer/swiftmailer/lib/classes/Swift/Mime/SimpleMessage.php(53): Swift_Mime_SimpleMimeEntity->setId('cb1be71f8af01dd...')
#14 /home/geeelphn/app.gee-experience.com/vendor/swiftmailer/swiftmailer/lib/classes/Swift/Message.php(48): Swift_Mime_SimpleMessage->__construct(Object(Swift_Mime_SimpleHeaderSet), Object(Swift_Mime_ContentEncoder_QpContentEncoderProxy), Object(Swift_KeyCache_DiskKeyCache), Object(Swift_Mime_IdGenerator), 'utf-8')
#15 [internal function]: Swift_Message->__construct()
#16 /home/geeelphn/app.gee-experience.com/vendor/swiftmailer/swiftmailer/lib/classes/Swift/DependencyContainer.php(330): ReflectionClass->newInstanceArgs(Array)
#17 /home/geeelphn/app.gee-experience.com/vendor/swiftmailer/swiftmailer/lib/classes/Swift/DependencyContainer.php(115): Swift_DependencyContainer->createNewInstance('message.message')
#18 /home/geeelphn/app.gee-experience.com/vendor/swiftmailer/swiftmailer/lib/classes/Swift/Mailer.php(41): Swift_DependencyContainer->lookup('message.message')
#19 /home/geeelphn/app.gee-experience.com/vendor/laravel/framework/src/Illuminate/Mail/Mailer.php(436): Swift_Mailer->createMessage('message')
#20 /home/geeelphn/app.gee-experience.com/vendor/laravel/framework/src/Illuminate/Mail/Mailer.php(226): Illuminate\\Mail\\Mailer->createMessage()
#21 /home/geeelphn/app.gee-experience.com/vendor/laravel/framework/src/Illuminate/Support/Facades/Facade.php(223): Illuminate\\Mail\\Mailer->send('mail.supplier_c...', Array, Object(Closure))
#22 /home/geeelphn/app.gee-experience.com/app/Http/Controllers/SupplierController.php(195): Illuminate\\Support\\Facades\\Facade::__callStatic('send', Array)
#23 [internal function]: App\\Http\\Controllers\\SupplierController->importSupplier(Object(Illuminate\\Http\\Request))
#24 /home/geeelphn/app.gee-experience.com/vendor/laravel/framework/src/Illuminate/Routing/Controller.php(54): call_user_func_array(Array, Array)
#25 /home/geeelphn/app.gee-experience.com/vendor/laravel/framework/src/Illuminate/Routing/ControllerDispatcher.php(45): Illuminate\\Routing\\Controller->callAction('importSupplier', Array)
#26 /home/geeelphn/app.gee-experience.com/vendor/laravel/framework/src/Illuminate/Routing/Route.php(212): Illuminate\\Routing\\ControllerDispatcher->dispatch(Object(Illuminate\\Routing\\Route), Object(App\\Http\\Controllers\\SupplierController), 'importSupplier')
#27 /home/geeelphn/app.gee-experience.com/vendor/laravel/framework/src/Illuminate/Routing/Route.php(169): Illuminate\\Routing\\Route->runController()
#28 /home/geeelphn/app.gee-experience.com/vendor/laravel/framework/src/Illuminate/Routing/Router.php(665): Illuminate\\Routing\\Route->run()
#29 /home/geeelphn/app.gee-experience.com/vendor/laravel/framework/src/Illuminate/Routing/Pipeline.php(30): Illuminate\\Routing\\Router->Illuminate\\Routing\\{closure}(Object(Illuminate\\Http\\Request))
#30 /home/geeelphn/app.gee-experience.com/app/Http/Middleware/Active.php(20): Illuminate\\Routing\\Pipeline->Illuminate\\Routing\\{closure}(Object(Illuminate\\Http\\Request))
#31 /home/geeelphn/app.gee-experience.com/vendor/laravel/framework/src/Illuminate/Pipeline/Pipeline.php(151): App\\Http\\Middleware\\Active->handle(Object(Illuminate\\Http\\Request), Object(Closure))
#32 /home/geeelphn/app.gee-experience.com/vendor/laravel/framework/src/Illuminate/Routing/Pipeline.php(53): Illuminate\\Pipeline\\Pipeline->Illuminate\\Pipeline\\{closure}(Object(Illuminate\\Http\\Request))
#33 /home/geeelphn/app.gee-experience.com/vendor/laravel/framework/src/Illuminate/Routing/Middleware/SubstituteBindings.php(41): Illuminate\\Routing\\Pipeline->Illuminate\\Routing\\{closure}(Object(Illuminate\\Http\\Request))
#34 /home/geeelphn/app.gee-experience.com/vendor/laravel/framework/src/Illuminate/Pipeline/Pipeline.php(151): Illuminate\\Routing\\Middleware\\SubstituteBindings->handle(Object(Illuminate\\Http\\Request), Object(Closure))
#35 /home/geeelphn/app.gee-experience.com/vendor/laravel/framework/src/Illuminate/Routing/Pipeline.php(53): Illuminate\\Pipeline\\Pipeline->Illuminate\\Pipeline\\{closure}(Object(Illuminate\\Http\\Request))
#36 /home/geeelphn/app.gee-experience.com/vendor/laravel/framework/src/Illuminate/Auth/Middleware/Authenticate.php(43): Illuminate\\Routing\\Pipeline->Illuminate\\Routing\\{closure}(Object(Illuminate\\Http\\Request))
#37 /home/geeelphn/app.gee-experience.com/vendor/laravel/framework/src/Illuminate/Pipeline/Pipeline.php(151): Illuminate\\Auth\\Middleware\\Authenticate->handle(Object(Illuminate\\Http\\Request), Object(Closure))
#38 /home/geeelphn/app.gee-experience.com/vendor/laravel/framework/src/Illuminate/Routing/Pipeline.php(53): Illuminate\\Pipeline\\Pipeline->Illuminate\\Pipeline\\{closure}(Object(Illuminate\\Http\\Request))
#39 /home/geeelphn/app.gee-experience.com/vendor/laravel/framework/src/Illuminate/Foundation/Http/Middleware/VerifyCsrfToken.php(68): Illuminate\\Routing\\Pipeline->Illuminate\\Routing\\{closure}(Object(Illuminate\\Http\\Request))
#40 /home/geeelphn/app.gee-experience.com/vendor/laravel/framework/src/Illuminate/Pipeline/Pipeline.php(151): Illuminate\\Foundation\\Http\\Middleware\\VerifyCsrfToken->handle(Object(Illuminate\\Http\\Request), Object(Closure))
#41 /home/geeelphn/app.gee-experience.com/vendor/laravel/framework/src/Illuminate/Routing/Pipeline.php(53): Illuminate\\Pipeline\\Pipeline->Illuminate\\Pipeline\\{closure}(Object(Illuminate\\Http\\Request))
#42 /home/geeelphn/app.gee-experience.com/vendor/laravel/framework/src/Illuminate/View/Middleware/ShareErrorsFromSession.php(49): Illuminate\\Routing\\Pipeline->Illuminate\\Routing\\{closure}(Object(Illuminate\\Http\\Request))
#43 /home/geeelphn/app.gee-experience.com/vendor/laravel/framework/src/Illuminate/Pipeline/Pipeline.php(151): Illuminate\\View\\Middleware\\ShareErrorsFromSession->handle(Object(Illuminate\\Http\\Request), Object(Closure))
#44 /home/geeelphn/app.gee-experience.com/vendor/laravel/framework/src/Illuminate/Routing/Pipeline.php(53): Illuminate\\Pipeline\\Pipeline->Illuminate\\Pipeline\\{closure}(Object(Illuminate\\Http\\Request))
#45 /home/geeelphn/app.gee-experience.com/vendor/laravel/framework/src/Illuminate/Session/Middleware/StartSession.php(63): Illuminate\\Routing\\Pipeline->Illuminate\\Routing\\{closure}(Object(Illuminate\\Http\\Request))
#46 /home/geeelphn/app.gee-experience.com/vendor/laravel/framework/src/Illuminate/Pipeline/Pipeline.php(151): Illuminate\\Session\\Middleware\\StartSession->handle(Object(Illuminate\\Http\\Request), Object(Closure))
#47 /home/geeelphn/app.gee-experience.com/vendor/laravel/framework/src/Illuminate/Routing/Pipeline.php(53): Illuminate\\Pipeline\\Pipeline->Illuminate\\Pipeline\\{closure}(Object(Illuminate\\Http\\Request))
#48 /home/geeelphn/app.gee-experience.com/vendor/laravel/framework/src/Illuminate/Cookie/Middleware/AddQueuedCookiesToResponse.php(37): Illuminate\\Routing\\Pipeline->Illuminate\\Routing\\{closure}(Object(Illuminate\\Http\\Request))
#49 /home/geeelphn/app.gee-experience.com/vendor/laravel/framework/src/Illuminate/Pipeline/Pipeline.php(151): Illuminate\\Cookie\\Middleware\\AddQueuedCookiesToResponse->handle(Object(Illuminate\\Http\\Request), Object(Closure))
#50 /home/geeelphn/app.gee-experience.com/vendor/laravel/framework/src/Illuminate/Routing/Pipeline.php(53): Illuminate\\Pipeline\\Pipeline->Illuminate\\Pipeline\\{closure}(Object(Illuminate\\Http\\Request))
#51 /home/geeelphn/app.gee-experience.com/vendor/laravel/framework/src/Illuminate/Cookie/Middleware/EncryptCookies.php(66): Illuminate\\Routing\\Pipeline->Illuminate\\Routing\\{closure}(Object(Illuminate\\Http\\Request))
#52 /home/geeelphn/app.gee-experience.com/vendor/laravel/framework/src/Illuminate/Pipeline/Pipeline.php(151): Illuminate\\Cookie\\Middleware\\EncryptCookies->handle(Object(Illuminate\\Http\\Request), Object(Closure))
#53 /home/geeelphn/app.gee-experience.com/vendor/laravel/framework/src/Illuminate/Routing/Pipeline.php(53): Illuminate\\Pipeline\\Pipeline->Illuminate\\Pipeline\\{closure}(Object(Illuminate\\Http\\Request))
#54 /home/geeelphn/app.gee-experience.com/vendor/laravel/framework/src/Illuminate/Pipeline/Pipeline.php(104): Illuminate\\Routing\\Pipeline->Illuminate\\Routing\\{closure}(Object(Illuminate\\Http\\Request))
#55 /home/geeelphn/app.gee-experience.com/vendor/laravel/framework/src/Illuminate/Routing/Router.php(667): Illuminate\\Pipeline\\Pipeline->then(Object(Closure))
#56 /home/geeelphn/app.gee-experience.com/vendor/laravel/framework/src/Illuminate/Routing/Router.php(642): Illuminate\\Routing\\Router->runRouteWithinStack(Object(Illuminate\\Routing\\Route), Object(Illuminate\\Http\\Request))
#57 /home/geeelphn/app.gee-experience.com/vendor/laravel/framework/src/Illuminate/Routing/Router.php(608): Illuminate\\Routing\\Router->runRoute(Object(Illuminate\\Http\\Request), Object(Illuminate\\Routing\\Route))
#58 /home/geeelphn/app.gee-experience.com/vendor/laravel/framework/src/Illuminate/Routing/Router.php(597): Illuminate\\Routing\\Router->dispatchToRoute(Object(Illuminate\\Http\\Request))
#59 /home/geeelphn/app.gee-experience.com/vendor/laravel/framework/src/Illuminate/Foundation/Http/Kernel.php(176): Illuminate\\Routing\\Router->dispatch(Object(Illuminate\\Http\\Request))
#60 /home/geeelphn/app.gee-experience.com/vendor/laravel/framework/src/Illuminate/Routing/Pipeline.php(30): Illuminate\\Foundation\\Http\\Kernel->Illuminate\\Foundation\\Http\\{closure}(Object(Illuminate\\Http\\Request))
#61 /home/geeelphn/app.gee-experience.com/vendor/fideloper/proxy/src/TrustProxies.php(57): Illuminate\\Routing\\Pipeline->Illuminate\\Routing\\{closure}(Object(Illuminate\\Http\\Request))
#62 /home/geeelphn/app.gee-experience.com/vendor/laravel/framework/src/Illuminate/Pipeline/Pipeline.php(151): Fideloper\\Proxy\\TrustProxies->handle(Object(Illuminate\\Http\\Request), Object(Closure))
#63 /home/geeelphn/app.gee-experience.com/vendor/laravel/framework/src/Illuminate/Routing/Pipeline.php(53): Illuminate\\Pipeline\\Pipeline->Illuminate\\Pipeline\\{closure}(Object(Illuminate\\Http\\Request))
#64 /home/geeelphn/app.gee-experience.com/vendor/laravel/framework/src/Illuminate/Foundation/Http/Middleware/TransformsRequest.php(31): Illuminate\\Routing\\Pipeline->Illuminate\\Routing\\{closure}(Object(Illuminate\\Http\\Request))
#65 /home/geeelphn/app.gee-experience.com/vendor/laravel/framework/src/Illuminate/Pipeline/Pipeline.php(151): Illuminate\\Foundation\\Http\\Middleware\\TransformsRequest->handle(Object(Illuminate\\Http\\Request), Object(Closure))
#66 /home/geeelphn/app.gee-experience.com/vendor/laravel/framework/src/Illuminate/Routing/Pipeline.php(53): Illuminate\\Pipeline\\Pipeline->Illuminate\\Pipeline\\{closure}(Object(Illuminate\\Http\\Request))
#67 /home/geeelphn/app.gee-experience.com/vendor/laravel/framework/src/Illuminate/Foundation/Http/Middleware/TransformsRequest.php(31): Illuminate\\Routing\\Pipeline->Illuminate\\Routing\\{closure}(Object(Illuminate\\Http\\Request))
#68 /home/geeelphn/app.gee-experience.com/vendor/laravel/framework/src/Illuminate/Pipeline/Pipeline.php(151): Illuminate\\Foundation\\Http\\Middleware\\TransformsRequest->handle(Object(Illuminate\\Http\\Request), Object(Closure))
#69 /home/geeelphn/app.gee-experience.com/vendor/laravel/framework/src/Illuminate/Routing/Pipeline.php(53): Illuminate\\Pipeline\\Pipeline->Illuminate\\Pipeline\\{closure}(Object(Illuminate\\Http\\Request))
#70 /home/geeelphn/app.gee-experience.com/vendor/laravel/framework/src/Illuminate/Foundation/Http/Middleware/ValidatePostSize.php(27): Illuminate\\Routing\\Pipeline->Illuminate\\Routing\\{closure}(Object(Illuminate\\Http\\Request))
#71 /home/geeelphn/app.gee-experience.com/vendor/laravel/framework/src/Illuminate/Pipeline/Pipeline.php(151): Illuminate\\Foundation\\Http\\Middleware\\ValidatePostSize->handle(Object(Illuminate\\Http\\Request), Object(Closure))
#72 /home/geeelphn/app.gee-experience.com/vendor/laravel/framework/src/Illuminate/Routing/Pipeline.php(53): Illuminate\\Pipeline\\Pipeline->Illuminate\\Pipeline\\{closure}(Object(Illuminate\\Http\\Request))
#73 /home/geeelphn/app.gee-experience.com/vendor/laravel/framework/src/Illuminate/Foundation/Http/Middleware/CheckForMaintenanceMode.php(62): Illuminate\\Routing\\Pipeline->Illuminate\\Routing\\{closure}(Object(Illuminate\\Http\\Request))
#74 /home/geeelphn/app.gee-experience.com/vendor/laravel/framework/src/Illuminate/Pipeline/Pipeline.php(151): Illuminate\\Foundation\\Http\\Middleware\\CheckForMaintenanceMode->handle(Object(Illuminate\\Http\\Request), Object(Closure))
#75 /home/geeelphn/app.gee-experience.com/vendor/laravel/framework/src/Illuminate/Routing/Pipeline.php(53): Illuminate\\Pipeline\\Pipeline->Illuminate\\Pipeline\\{closure}(Object(Illuminate\\Http\\Request))
#76 /home/geeelphn/app.gee-experience.com/vendor/laravel/framework/src/Illuminate/Pipeline/Pipeline.php(104): Illuminate\\Routing\\Pipeline->Illuminate\\Routing\\{closure}(Object(Illuminate\\Http\\Request))
#77 /home/geeelphn/app.gee-experience.com/vendor/laravel/framework/src/Illuminate/Foundation/Http/Kernel.php(151): Illuminate\\Pipeline\\Pipeline->then(Object(Closure))
#78 /home/geeelphn/app.gee-experience.com/vendor/laravel/framework/src/Illuminate/Foundation/Http/Kernel.php(116): Illuminate\\Foundation\\Http\\Kernel->sendRequestThroughRouter(Object(Illuminate\\Http\\Request))
#79 /home/geeelphn/app.gee-experience.com/public/index.php(55): Illuminate\\Foundation\\Http\\Kernel->handle(Object(Illuminate\\Http\\Request))
#80 /home/geeelphn/app.gee-experience.com/index.php(17): require_once('/home/geeelphn/...')
#81 {main}
"} 
[2022-09-12 15:44:49] local.ERROR: SQLSTATE[22007]: Invalid datetime format: 1366 Incorrect string value: '\xF3n' for column `geeelphn_prod_db`.`categories`.`name` at row 1 (SQL: insert into `categories` (`name`, `is_active`, `parent_id`, `updated_at`, `created_at`) values (Alimentacin, 1, , 2022-09-12 15:44:49, 2022-09-12 15:44:49))  
